<?xml version="1.0" encoding="UTF-8"?>
<testsuite name="C:/Users/Amaan/IdeaProjects/APIAutomationATB6x"
           tests="2"
           failures="0"
           errors="0"
           skipped="0"
           time="0.094">
    <properties></properties>



            <testcase
                name="testVWOLogin"
                time="0.094"
                classname="com.thetestingacademy.tests.ddt.vwoLoginApiTestTC">
            </testcase>
            <testcase
                name="testVWOLogin"
                time="0.000"
                classname="com.thetestingacademy.tests.ddt.vwoLoginApiTestTC">
            </testcase>
</testsuite>
