<?xml version="1.0" encoding="UTF-8"?>
<testsuite name="C:/Users/Amaan/IdeaProjects/APIAutomationATB6x"
           tests="2"
           failures="0"
           errors="0"
           skipped="0"
           time="5.494">
    <properties></properties>



            <testcase
                name="testCreateBookingNegative"
                time="1.638"
                classname="com.thetestingacademy.tests.crud.postTC.testCreateBookingPost">
            </testcase>
            <testcase
                name="testCreateBooking"
                time="3.856"
                classname="com.thetestingacademy.tests.crud.postTC.testCreateBookingPost">
            </testcase>
</testsuite>
