<?xml version="1.0" encoding="UTF-8"?>
<testsuite name="C:/Users/Amaan/IdeaProjects/APIAutomationATB6x"
           tests="4"
           failures="0"
           errors="0"
           skipped="0"
           time="10.821">
    <properties></properties>



            <testcase
                name="testCreateBooking"
                time="6.923"
                classname="com.thetestingacademy.tests.integration.TCIntegrationFlow">
            </testcase>
            <testcase
                name="testVerifyBookingID"
                time="1.312"
                classname="com.thetestingacademy.tests.integration.TCIntegrationFlow">
            </testcase>
            <testcase
                name="testUpdateBookingById"
                time="1.319"
                classname="com.thetestingacademy.tests.integration.TCIntegrationFlow">
            </testcase>
            <testcase
                name="testDeleteBookingById"
                time="1.267"
                classname="com.thetestingacademy.tests.integration.TCIntegrationFlow">
            </testcase>
</testsuite>
