<?xml version="1.0" encoding="UTF-8"?>
<testsuite name="C:/Users/Amaan/IdeaProjects/APIAutomationATB6x"
           tests="4"
           failures="0"
           errors="0"
           skipped="0"
           time="0.062">
    <properties></properties>



            <testcase
                name="testUpdateBookingById"
                time="0.000"
                classname="com.thetestingacademy.tests.integration.sample.TCIntegration">
            </testcase>
            <testcase
                name="testDeleteBookingById"
                time="0.000"
                classname="com.thetestingacademy.tests.integration.sample.TCIntegration">
            </testcase>
            <testcase
                name="testCreateBooking"
                time="0.062"
                classname="com.thetestingacademy.tests.integration.sample.TCIntegration">
            </testcase>
            <testcase
                name="testVerifyBookingID"
                time="0.000"
                classname="com.thetestingacademy.tests.integration.sample.TCIntegration">
            </testcase>
</testsuite>
